TN:
SF:server.js
FN:72,(anonymous_0)
FN:75,(anonymous_1)
FNF:2
FNH:0
FNDA:0,(anonymous_0)
FNDA:0,(anonymous_1)
DA:1,1
DA:2,1
DA:3,1
DA:4,1
DA:5,1
DA:6,1
DA:7,1
DA:8,1
DA:9,1
DA:10,1
DA:11,1
DA:13,1
DA:30,1
DA:31,1
DA:32,1
DA:34,1
DA:37,1
DA:39,1
DA:40,1
DA:41,1
DA:42,1
DA:43,1
DA:44,1
DA:45,1
DA:46,1
DA:50,1
DA:51,1
DA:52,1
DA:55,1
DA:56,1
DA:57,1
DA:59,1
DA:60,1
DA:61,1
DA:62,1
DA:65,1
DA:69,1
DA:72,1
DA:73,0
DA:75,0
LF:40
LH:38
BRDA:11,0,0,1
BRDA:11,0,1,1
BRF:2
BRH:2
end_of_record
TN:
SF:config\db.js
FN:3,(anonymous_0)
FNF:1
FNH:1
FNDA:1,(anonymous_0)
DA:1,1
DA:3,1
DA:4,1
DA:5,1
DA:7,0
DA:9,1
LF:6
LH:5
BRF:0
BRH:0
end_of_record
TN:
SF:controllers\auth.js
FN:9,(anonymous_0)
FN:30,(anonymous_1)
FN:76,(anonymous_2)
FN:110,(anonymous_3)
FN:135,(anonymous_4)
FN:146,(anonymous_5)
FNF:6
FNH:0
FNDA:0,(anonymous_0)
FNDA:0,(anonymous_1)
FNDA:0,(anonymous_2)
FNDA:0,(anonymous_3)
FNDA:0,(anonymous_4)
FNDA:0,(anonymous_5)
DA:1,1
DA:2,1
DA:9,1
DA:10,0
DA:11,0
DA:13,0
DA:20,0
DA:22,0
DA:23,0
DA:30,1
DA:31,0
DA:32,0
DA:33,0
DA:36,0
DA:37,0
DA:44,0
DA:46,0
DA:47,0
DA:54,0
DA:56,0
DA:57,0
DA:67,0
DA:69,0
DA:76,1
DA:77,0
DA:78,0
DA:79,0
DA:80,0
DA:81,0
DA:87,0
DA:91,0
DA:92,0
DA:93,0
DA:94,0
DA:96,0
DA:98,0
DA:99,0
DA:110,1
DA:112,0
DA:113,0
DA:118,0
DA:119,0
DA:121,0
DA:135,1
DA:136,0
DA:137,0
DA:146,1
DA:147,0
DA:148,0
DA:149,0
DA:152,0
DA:153,0
DA:160,0
DA:162,0
DA:163,0
DA:170,0
DA:172,0
DA:173,0
DA:183,0
DA:184,0
DA:185,0
DA:186,0
DA:188,0
DA:189,0
DA:194,0
DA:197,0
LF:66
LH:8
BRDA:36,0,0,0
BRDA:36,0,1,0
BRDA:36,1,0,0
BRDA:36,1,1,0
BRDA:46,2,0,0
BRDA:46,2,1,0
BRDA:56,3,0,0
BRDA:56,3,1,0
BRDA:79,4,0,0
BRDA:79,4,1,0
BRDA:118,5,0,0
BRDA:118,5,1,0
BRDA:152,6,0,0
BRDA:152,6,1,0
BRDA:152,7,0,0
BRDA:152,7,1,0
BRDA:162,8,0,0
BRDA:162,8,1,0
BRDA:172,9,0,0
BRDA:172,9,1,0
BRDA:185,10,0,0
BRDA:185,10,1,0
BRF:22
BRH:0
end_of_record
TN:
SF:controllers\bookings.js
FN:8,(anonymous_0)
FN:52,(anonymous_1)
FN:76,(anonymous_2)
FN:130,(anonymous_3)
FN:175,(anonymous_4)
FN:211,(anonymous_5)
FN:229,(anonymous_6)
FNF:7
FNH:0
FNDA:0,(anonymous_0)
FNDA:0,(anonymous_1)
FNDA:0,(anonymous_2)
FNDA:0,(anonymous_3)
FNDA:0,(anonymous_4)
FNDA:0,(anonymous_5)
FNDA:0,(anonymous_6)
DA:1,1
DA:2,1
DA:3,1
DA:8,1
DA:9,0
DA:12,0
DA:14,0
DA:20,0
DA:21,0
DA:26,0
DA:33,0
DA:35,0
DA:41,0
DA:42,0
DA:52,1
DA:53,0
DA:54,0
DA:59,0
DA:60,0
DA:63,0
DA:68,0
DA:69,0
DA:76,1
DA:77,0
DA:78,0
DA:80,0
DA:82,0
DA:83,0
DA:87,0
DA:88,0
DA:95,0
DA:99,0
DA:102,0
DA:103,0
DA:110,0
DA:113,0
DA:117,0
DA:122,0
DA:123,0
DA:130,1
DA:131,0
DA:132,0
DA:134,0
DA:135,0
DA:141,0
DA:142,0
DA:149,0
DA:159,0
DA:164,0
DA:165,0
DA:175,1
DA:176,0
DA:177,0
DA:179,0
DA:180,0
DA:186,0
DA:187,0
DA:193,0
DA:195,0
DA:200,0
DA:201,0
DA:211,1
DA:212,0
DA:213,0
DA:215,0
DA:216,0
DA:219,0
DA:221,0
DA:229,1
DA:230,0
DA:231,0
DA:233,0
DA:234,0
DA:240,0
DA:241,0
DA:242,0
DA:243,0
DA:246,0
DA:247,0
DA:249,0
DA:251,0
LF:81
LH:10
BRDA:12,0,0,0
BRDA:12,0,1,0
BRDA:20,1,0,0
BRDA:20,1,1,0
BRDA:59,2,0,0
BRDA:59,2,1,0
BRDA:82,3,0,0
BRDA:82,3,1,0
BRDA:87,4,0,0
BRDA:87,4,1,0
BRDA:102,5,0,0
BRDA:102,5,1,0
BRDA:102,6,0,0
BRDA:102,6,1,0
BRDA:134,7,0,0
BRDA:134,7,1,0
BRDA:141,8,0,0
BRDA:141,8,1,0
BRDA:141,9,0,0
BRDA:141,9,1,0
BRDA:179,10,0,0
BRDA:179,10,1,0
BRDA:186,11,0,0
BRDA:186,11,1,0
BRDA:186,12,0,0
BRDA:186,12,1,0
BRDA:215,13,0,0
BRDA:215,13,1,0
BRDA:233,14,0,0
BRDA:233,14,1,0
BRDA:242,15,0,0
BRDA:242,15,1,0
BRF:32
BRH:0
end_of_record
TN:
SF:controllers\carProviders.js
FN:9,(anonymous_0)
FN:118,(anonymous_1)
FN:137,(anonymous_2)
FN:152,(anonymous_3)
FN:173,(anonymous_4)
FN:194,(anonymous_5)
FN:248,(anonymous_6)
FN:268,(anonymous_7)
FNF:8
FNH:0
FNDA:0,(anonymous_0)
FNDA:0,(anonymous_1)
FNDA:0,(anonymous_2)
FNDA:0,(anonymous_3)
FNDA:0,(anonymous_4)
FNDA:0,(anonymous_5)
FNDA:0,(anonymous_6)
FNDA:0,(anonymous_7)
DA:1,1
DA:2,1
DA:3,1
DA:9,1
DA:11,0
DA:14,0
DA:17,0
DA:18,0
DA:22,0
DA:23,0
DA:24,0
DA:25,0
DA:26,0
DA:28,0
DA:29,0
DA:30,0
DA:35,0
DA:36,0
DA:37,0
DA:38,0
DA:39,0
DA:41,0
DA:42,0
DA:43,0
DA:47,0
DA:48,0
DA:50,0
DA:51,0
DA:52,0
DA:56,0
DA:57,0
DA:58,0
DA:59,0
DA:60,0
DA:61,0
DA:62,0
DA:63,0
DA:64,0
DA:66,0
DA:70,0
DA:71,0
DA:72,0
DA:73,0
DA:75,0
DA:76,0
DA:77,0
DA:80,0
DA:83,0
DA:85,0
DA:86,0
DA:92,0
DA:93,0
DA:99,0
DA:106,0
DA:107,0
DA:118,1
DA:119,0
DA:120,0
DA:121,0
DA:122,0
DA:124,0
DA:129,0
DA:137,1
DA:139,0
DA:143,0
DA:152,1
DA:153,0
DA:154,0
DA:158,0
DA:159,0
DA:161,0
DA:166,0
DA:173,1
DA:174,0
DA:175,0
DA:176,0
DA:177,0
DA:180,0
DA:181,0
DA:182,0
DA:187,0
DA:194,1
DA:195,0
DA:196,0
DA:197,0
DA:198,0
DA:205,0
DA:206,0
DA:207,0
DA:214,0
DA:215,0
DA:222,0
DA:223,0
DA:226,0
DA:227,0
DA:229,0
DA:237,0
DA:238,0
DA:248,1
DA:249,0
DA:250,0
DA:252,0
DA:253,0
DA:256,0
DA:261,0
DA:268,1
DA:269,0
DA:271,0
DA:273,0
DA:274,0
DA:280,0
DA:281,0
DA:283,0
DA:284,0
DA:287,0
DA:289,0
DA:297,0
DA:298,0
DA:305,0
DA:306,0
DA:308,0
DA:314,0
LF:122
LH:11
BRDA:17,0,0,0
BRDA:17,0,1,0
BRDA:22,1,0,0
BRDA:22,1,1,0
BRDA:22,2,0,0
BRDA:22,2,1,0
BRDA:24,3,0,0
BRDA:24,3,1,0
BRDA:26,4,0,0
BRDA:26,4,1,0
BRDA:28,5,0,0
BRDA:28,5,1,0
BRDA:30,6,0,0
BRDA:30,6,1,0
BRDA:35,7,0,0
BRDA:35,7,1,0
BRDA:35,8,0,0
BRDA:35,8,1,0
BRDA:37,9,0,0
BRDA:37,9,1,0
BRDA:39,10,0,0
BRDA:39,10,1,0
BRDA:41,11,0,0
BRDA:41,11,1,0
BRDA:43,12,0,0
BRDA:43,12,1,0
BRDA:50,13,0,0
BRDA:50,13,1,0
BRDA:56,14,0,0
BRDA:56,14,1,0
BRDA:59,15,0,0
BRDA:59,15,1,0
BRDA:60,16,0,0
BRDA:60,16,1,0
BRDA:61,17,0,0
BRDA:61,17,1,0
BRDA:62,18,0,0
BRDA:62,18,1,0
BRDA:63,19,0,0
BRDA:63,19,1,0
BRDA:64,20,0,0
BRDA:64,20,1,0
BRDA:70,21,0,0
BRDA:70,21,1,0
BRDA:71,22,0,0
BRDA:71,22,1,0
BRDA:85,23,0,0
BRDA:85,23,1,0
BRDA:92,24,0,0
BRDA:92,24,1,0
BRDA:109,25,0,0
BRDA:109,25,1,0
BRDA:121,26,0,0
BRDA:121,26,1,0
BRDA:158,27,0,0
BRDA:158,27,1,0
BRDA:176,28,0,0
BRDA:176,28,1,0
BRDA:197,29,0,0
BRDA:197,29,1,0
BRDA:206,30,0,0
BRDA:206,30,1,0
BRDA:214,31,0,0
BRDA:214,31,1,0
BRDA:226,32,0,0
BRDA:226,32,1,0
BRDA:240,33,0,0
BRDA:240,33,1,0
BRDA:252,34,0,0
BRDA:252,34,1,0
BRDA:273,35,0,0
BRDA:273,35,1,0
BRDA:283,36,0,0
BRDA:283,36,1,0
BRDA:297,37,0,0
BRDA:297,37,1,0
BRF:76
BRH:0
end_of_record
TN:
SF:controllers\user.js
FN:5,(anonymous_0)
FN:32,(anonymous_1)
FN:59,(anonymous_2)
FN:88,(anonymous_3)
FNF:4
FNH:0
FNDA:0,(anonymous_0)
FNDA:0,(anonymous_1)
FNDA:0,(anonymous_2)
FNDA:0,(anonymous_3)
DA:1,1
DA:2,1
DA:5,1
DA:6,0
DA:8,0
DA:17,0
DA:23,0
DA:24,0
DA:32,1
DA:33,0
DA:34,0
DA:41,0
DA:43,0
DA:45,0
DA:50,0
DA:51,0
DA:59,1
DA:60,0
DA:61,0
DA:62,0
DA:63,0
DA:64,0
DA:66,0
DA:68,0
DA:69,0
DA:75,0
DA:76,0
DA:78,0
DA:79,0
DA:80,0
DA:85,0
DA:88,1
DA:89,0
DA:90,0
DA:91,0
DA:92,0
DA:93,0
DA:95,0
DA:97,0
DA:98,0
DA:104,0
DA:105,0
DA:107,0
DA:111,0
DA:116,0
LF:45
LH:6
BRDA:41,0,0,0
BRDA:41,0,1,0
BRDA:63,1,0,0
BRDA:63,1,1,0
BRDA:66,2,0,0
BRDA:66,2,1,0
BRDA:68,3,0,0
BRDA:68,3,1,0
BRDA:75,4,0,0
BRDA:75,4,1,0
BRDA:92,5,0,0
BRDA:92,5,1,0
BRDA:95,6,0,0
BRDA:95,6,1,0
BRDA:97,7,0,0
BRDA:97,7,1,0
BRDA:104,8,0,0
BRDA:104,8,1,0
BRF:18
BRH:0
end_of_record
TN:
SF:middleware\auth.js
FN:5,(anonymous_0)
FN:33,(anonymous_1)
FN:34,(anonymous_2)
FNF:3
FNH:1
FNDA:0,(anonymous_0)
FNDA:14,(anonymous_1)
FNDA:0,(anonymous_2)
DA:1,1
DA:2,1
DA:5,1
DA:8,0
DA:9,0
DA:11,0
DA:14,0
DA:15,0
DA:17,0
DA:19,0
DA:21,0
DA:23,0
DA:25,0
DA:27,0
DA:28,0
DA:33,1
DA:34,14
DA:35,0
DA:36,0
DA:37,0
DA:43,0
DA:44,0
DA:49,0
LF:23
LH:5
BRDA:8,0,0,0
BRDA:8,0,1,0
BRDA:8,1,0,0
BRDA:8,1,1,0
BRDA:14,2,0,0
BRDA:14,2,1,0
BRDA:14,3,0,0
BRDA:14,3,1,0
BRDA:36,4,0,0
BRDA:36,4,1,0
BRDA:43,5,0,0
BRDA:43,5,1,0
BRF:12
BRH:0
end_of_record
TN:
SF:models\Booking.js
FN:34,(anonymous_0)
FNF:1
FNH:0
FNDA:0,(anonymous_0)
DA:1,1
DA:3,1
DA:34,1
DA:35,0
DA:36,0
DA:38,0
DA:42,1
DA:44,1
LF:8
LH:5
BRDA:35,0,0,0
BRDA:35,0,1,0
BRF:2
BRH:0
end_of_record
TN:
SF:models\CarProvider.js
FNF:0
FNH:0
DA:1,1
DA:3,1
DA:67,1
DA:69,1
DA:75,1
LF:5
LH:5
BRF:0
BRH:0
end_of_record
TN:
SF:models\User.js
FN:55,(anonymous_0)
FN:64,(anonymous_1)
FN:71,(anonymous_2)
FNF:3
FNH:0
FNDA:0,(anonymous_0)
FNDA:0,(anonymous_1)
FNDA:0,(anonymous_2)
DA:1,1
DA:2,1
DA:3,1
DA:5,1
DA:55,1
DA:56,0
DA:57,0
DA:59,0
DA:60,0
DA:64,1
DA:65,0
DA:71,1
DA:72,0
DA:75,1
DA:82,1
DA:83,1
DA:85,1
LF:17
LH:11
BRDA:56,0,0,0
BRDA:56,0,1,0
BRF:2
BRH:0
end_of_record
TN:
SF:routes\auth.js
FNF:0
FNH:0
DA:1,1
DA:3,1
DA:5,1
DA:7,1
DA:9,1
DA:10,1
DA:11,1
DA:12,1
DA:14,1
LF:9
LH:9
BRF:0
BRH:0
end_of_record
TN:
SF:routes\bookings.js
FNF:0
FNH:0
DA:1,1
DA:2,1
DA:4,1
DA:6,1
DA:8,1
DA:11,1
DA:15,1
DA:21,1
LF:8
LH:8
BRF:0
BRH:0
end_of_record
TN:
SF:routes\carProviders.js
FNF:0
FNH:0
DA:1,1
DA:2,1
DA:3,1
DA:5,1
DA:7,1
DA:9,1
DA:11,1
DA:12,1
DA:13,1
DA:19,1
LF:10
LH:10
BRF:0
BRH:0
end_of_record
TN:
SF:routes\user.js
FNF:0
FNH:0
DA:1,1
DA:2,1
DA:5,1
DA:7,1
DA:9,1
DA:11,1
DA:16,1
LF:7
LH:7
BRF:0
BRH:0
end_of_record
